Using pre-set license
Built from '2022.1/staging' branch; Version is '2022.1.5f1 (feea5ec8f162) revision 16706142'; Using compiler version '192829333'; Build Type 'Release'
OS: 'Windows 10  (10.0.19044) 64bit Professional' Language: 'pt' Physical Memory: 16332 MB
BatchMode: 1, IsHumanControllingUs: 0, StartBugReporterOnCrash: 0, Is64bit: 1, IsPro: 1

COMMAND LINE ARGUMENTS:
C:\Program Files\Unity 2022.1.5f1\Editor\Unity.exe
-adb2
-batchMode
-noUpm
-name
AssetImportWorker2
-projectPath
C:/Users/iguin/OneDrive/Documentos/Unity/Bird Atack - Versao3F - C贸pia
-logFile
Logs/AssetImportWorker2.log
-srvPort
49403
Successfully changed project path to: C:/Users/iguin/OneDrive/Documentos/Unity/Bird Atack - Versao3F - C贸pia
C:/Users/iguin/OneDrive/Documentos/Unity/Bird Atack - Versao3F - C贸pia
[UnityMemory] Configuration Parameters - Can be set up in boot.config
    "memorysetup-bucket-allocator-granularity=16"
    "memorysetup-bucket-allocator-bucket-count=8"
    "memorysetup-bucket-allocator-block-size=33554432"
    "memorysetup-bucket-allocator-block-count=8"
    "memorysetup-main-allocator-block-size=16777216"
    "memorysetup-thread-allocator-block-size=16777216"
    "memorysetup-gfx-main-allocator-block-size=16777216"
    "memorysetup-gfx-thread-allocator-block-size=16777216"
    "memorysetup-cache-allocator-block-size=4194304"
    "memorysetup-typetree-allocator-block-size=2097152"
    "memorysetup-profiler-bucket-allocator-granularity=16"
    "memorysetup-profiler-bucket-allocator-bucket-count=8"
    "memorysetup-profiler-bucket-allocator-block-size=33554432"
    "memorysetup-profiler-bucket-allocator-block-count=8"
    "memorysetup-profiler-allocator-block-size=16777216"
    "memorysetup-profiler-editor-allocator-block-size=1048576"
    "memorysetup-temp-allocator-size-main=16777216"
    "memorysetup-job-temp-allocator-block-size=2097152"
    "memorysetup-job-temp-allocator-block-size-background=1048576"
    "memorysetup-job-temp-allocator-reduction-small-platforms=262144"
    "memorysetup-temp-allocator-size-background-worker=32768"
    "memorysetup-temp-allocator-size-job-worker=262144"
    "memorysetup-temp-allocator-size-preload-manager=33554432"
    "memorysetup-temp-allocator-size-nav-mesh-worker=65536"
    "memorysetup-temp-allocator-size-audio-worker=65536"
    "memorysetup-temp-allocator-size-cloud-worker=32768"
    "memorysetup-temp-allocator-size-gi-baking-worker=262144"
    "memorysetup-temp-allocator-size-gfx=262144"
Refreshing native plugins compatible for Editor in 143.20 ms, found 2 plugins.
Preloading 0 native plugins for Editor in 0.00 ms.
Initialize engine version: 2022.1.5f1 (feea5ec8f162)
[Subsystems] Discovering subsystems at path C:/Program Files/Unity 2022.1.5f1/Editor/Data/Resources/UnitySubsystems
[Subsystems] Discovering subsystems at path C:/Users/iguin/OneDrive/Documentos/Unity/Bird Atack - Versao3F - C贸pia/Assets
GfxDevice: creating device client; threaded=0; jobified=0
Direct3D:
    Version:  Direct3D 11.0 [level 11.1]
    Renderer: Radeon RX 570 Series (ID=0x67df)
    Vendor:   ATI
    VRAM:     4075 MB
    Driver:   30.0.13023.4001
Initialize mono
Mono path[0] = 'C:/Program Files/Unity 2022.1.5f1/Editor/Data/Managed'
Mono path[1] = 'C:/Program Files/Unity 2022.1.5f1/Editor/Data/MonoBleedingEdge/lib/mono/unityjit-win32'
Mono config path = 'C:/Program Files/Unity 2022.1.5f1/Editor/Data/MonoBleedingEdge/etc'
Using monoOptions --debugger-agent=transport=dt_socket,embedding=1,server=y,suspend=n,address=127.0.0.1:56568
Begin MonoManager ReloadAssembly
Registering precompiled unity dll's ...
Register platform support module: C:/Program Files/Unity 2022.1.5f1/Editor/Data/PlaybackEngines/WebGLSupport/UnityEditor.WebGL.Extensions.dll
Register platform support module: C:/Program Files/Unity 2022.1.5f1/Editor/Data/PlaybackEngines/AndroidPlayer/UnityEditor.Android.Extensions.dll
Register platform support module: C:/Program Files/Unity 2022.1.5f1/Editor/Data/PlaybackEngines/WindowsStandaloneSupport/UnityEditor.WindowsStandalone.Extensions.dll
Registered in 0.013012 seconds.
Native extension for WindowsStandalone target not found
Native extension for Android target not found
Native extension for WebGL target not found
Refreshing native plugins compatible for Editor in 89.09 ms, found 2 plugins.
Preloading 0 native plugins for Editor in 0.00 ms.
Mono: successfully reloaded assembly
- Completed reload, in  0.918 seconds
Domain Reload Profiling:
	ReloadAssembly (918ms)
		BeginReloadAssembly (116ms)
			ExecutionOrderSort (0ms)
			DisableScriptedObjects (0ms)
			BackupInstance (0ms)
			ReleaseScriptingObjects (0ms)
			CreateAndSetChildDomain (1ms)
		EndReloadAssembly (624ms)
			LoadAssemblies (113ms)
			RebuildTransferFunctionScriptingTraits (0ms)
			SetupTypeCache (165ms)
				TypeCache.Initialize (164ms)
					TypeCache.ScanAssembly (162ms)
				ResolveRequiredComponents (1ms)
			ReleaseScriptCaches (0ms)
			RebuildScriptCaches (33ms)
			SetupLoadedEditorAssemblies (349ms)
				LogAssemblyErrors (0ms)
				InitializePlatformSupportModulesInManaged (56ms)
				SetLoadedEditorAssemblies (7ms)
				RefreshPlugins (89ms)
				BeforeProcessingInitializeOnLoad (2ms)
				ProcessInitializeOnLoadAttributes (140ms)
				ProcessInitializeOnLoadMethodAttributes (54ms)
				AfterProcessingInitializeOnLoad (0ms)
				EditorAssembliesLoaded (0ms)
			ExecutionOrderSort2 (0ms)
			AwakeInstancesAfterBackupRestoration (0ms)
Platform modules already initialized, skipping
Registering precompiled user dll's ...
Registered in 0.013277 seconds.
Begin MonoManager ReloadAssembly
Native extension for WindowsStandalone target not found
Native extension for Android target not found
Native extension for WebGL target not found
Refreshing native plugins compatible for Editor in 1.38 ms, found 2 plugins.
Preloading 0 native plugins for Editor in 0.00 ms.
System.IO.FileNotFoundException: Could not load file or assembly 'Google.VersionHandler, Version=1.2.0.0, Culture=neutral, PublicKeyToken=null' or one of its dependencies.
File name: 'Google.VersionHandler, Version=1.2.0.0, Culture=neutral, PublicKeyToken=null'
  at Facebook.Unity.Editor.AndroidSupportLibraryResolver..cctor () [0x00000] in <10e3a2e9d4094bf5b9409184a698ff5e>:0 
UnityEngine.StackTraceUtility:ExtractStackTrace ()
UnityEngine.DebugLogHandler:LogFormat (UnityEngine.LogType,UnityEngine.Object,string,object[])
UnityEngine.Logger:Log (UnityEngine.LogType,object)
UnityEngine.Debug:LogError (object)
UnityEditor.EditorAssemblies:ProcessInitializeOnLoadAttributes (System.Type[])

Package Manager log level set to [2]
[Package Manager] Server::EnsureServerProcessIsRunning -- launch failed, reason: Unity was launched with the -noUpm command-line argument
[Package Manager] UpmClient::Send -- Unable to send message (not connected to UPM process).
[Package Manager] Cannot connect to Unity Package Manager local server
Mono: successfully reloaded assembly
- Completed reload, in  1.496 seconds
Domain Reload Profiling:
	ReloadAssembly (1497ms)
		BeginReloadAssembly (161ms)
			ExecutionOrderSort (0ms)
			DisableScriptedObjects (11ms)
			BackupInstance (0ms)
			ReleaseScriptingObjects (0ms)
			CreateAndSetChildDomain (25ms)
		EndReloadAssembly (1158ms)
			LoadAssemblies (116ms)
			RebuildTransferFunctionScriptingTraits (0ms)
			SetupTypeCache (258ms)
				TypeCache.Initialize (254ms)
					TypeCache.ScanAssembly (249ms)
				ResolveRequiredComponents (5ms)
			ReleaseScriptCaches (1ms)
			RebuildScriptCaches (85ms)
			SetupLoadedEditorAssemblies (610ms)
				LogAssemblyErrors (0ms)
				InitializePlatformSupportModulesInManaged (22ms)
				SetLoadedEditorAssemblies (9ms)
				RefreshPlugins (1ms)
				BeforeProcessingInitializeOnLoad (95ms)
				ProcessInitializeOnLoadAttributes (267ms)
				ProcessInitializeOnLoadMethodAttributes (203ms)
				AfterProcessingInitializeOnLoad (12ms)
				EditorAssembliesLoaded (0ms)
			ExecutionOrderSort2 (0ms)
			AwakeInstancesAfterBackupRestoration (8ms)
Platform modules already initialized, skipping
========================================================================
Worker process is ready to serve import requests
Launched and connected shader compiler UnityShaderCompiler.exe after 0.08 seconds
Refreshing native plugins compatible for Editor in 1.54 ms, found 2 plugins.
Preloading 0 native plugins for Editor in 0.00 ms.
Unloading 2492 Unused Serialized files (Serialized files now loaded: 0)
Unloading 126 unused Assets / (61.6 KB). Loaded Objects now: 2890.
Memory consumption went from 397.1 MB to 397.0 MB.
Total: 11.711500 ms (FindLiveObjects: 0.638000 ms CreateObjectMapping: 0.251100 ms MarkObjects: 10.622800 ms  DeleteObjects: 0.197700 ms)

AssetImportParameters requested are different than current active one (requested -> active):
  custom:video-decoder-ogg-theora: a1e56fd34408186e4bbccfd4996cb3dc -> 
  custom:container-muxer-webm: aa71ff27fc2769a1b78a27578f13a17b -> 
  custom:container-demuxer-webm: 4f35f7cbe854078d1ac9338744f61a02 -> 
  custom:video-encoder-webm-vp8: eb34c28f22e8b96e1ab97ce403110664 -> 
  custom:audio-encoder-webm-vorbis: bf7c407c2cedff20999df2af8eb42d56 -> 
  custom:framework-win-MediaFoundation: 216162199b28c13a410421893ffa2e32 -> 
  custom:container-demuxer-ogg: 62fdf1f143b41e24485cea50d1cbac27 -> 
  custom:video-decoder-webm-vp8: 9c59270c3fd7afecdb556c50c9e8de78 -> 
  custom:audio-decoder-ogg-vorbis: bf7c407c2cedff20999df2af8eb42d56 -> 
========================================================================
Received Import Request.
  Time since last request: 90145.114572 seconds.
  path: Assets/Scripts
  artifactKey: Guid(16d273a1dc038cd4283911b46a66d1dd) Importer(815301076,1909f56bfc062723c751e8b465ee728b)
Start importing Assets/Scripts using Guid(16d273a1dc038cd4283911b46a66d1dd) Importer(815301076,1909f56bfc062723c751e8b465ee728b)  -> (artifact id: 'ef5c33458385dbaa929545374d502478') in 0.009894 seconds 
========================================================================
Received Import Request.
  Time since last request: 1.311360 seconds.
  path: Assets/Simple UI (V.1.0)
  artifactKey: Guid(8d0340d2d95d3e34ba03e36b9d6b086a) Importer(815301076,1909f56bfc062723c751e8b465ee728b)
Start importing Assets/Simple UI (V.1.0) using Guid(8d0340d2d95d3e34ba03e36b9d6b086a) Importer(815301076,1909f56bfc062723c751e8b465ee728b)  -> (artifact id: '155f4f4f5b9bbcfa720e76102140772a') in 0.009763 seconds 
========================================================================
Received Import Request.
  Time since last request: 1.174551 seconds.
  path: Assets/Sprites
  artifactKey: Guid(c4fdaf5407f97184191e85c3c1b51418) Importer(815301076,1909f56bfc062723c751e8b465ee728b)
Start importing Assets/Sprites using Guid(c4fdaf5407f97184191e85c3c1b51418) Importer(815301076,1909f56bfc062723c751e8b465ee728b)  -> (artifact id: 'd69db1c0bff105d508b2ac8a56b2b868') in 0.009389 seconds 
========================================================================
Received Import Request.
  Time since last request: 3.645124 seconds.
  path: Assets/Scripts/Admob.cs
  artifactKey: Guid(0d892cbb310462a42a219e77b7f34021) Importer(815301076,1909f56bfc062723c751e8b465ee728b)
Start importing Assets/Scripts/Admob.cs using Guid(0d892cbb310462a42a219e77b7f34021) Importer(815301076,1909f56bfc062723c751e8b465ee728b)  -> (artifact id: 'db1ec92c60f81c7876ed217a77641d48') in 0.025767 seconds 
========================================================================
Received Import Request.
  Time since last request: 0.860951 seconds.
  path: Assets/Scripts/BarraVida.cs
  artifactKey: Guid(2809a9f79f20aba418c5545e54b8ee73) Importer(815301076,1909f56bfc062723c751e8b465ee728b)
Start importing Assets/Scripts/BarraVida.cs using Guid(2809a9f79f20aba418c5545e54b8ee73) Importer(815301076,1909f56bfc062723c751e8b465ee728b)  -> (artifact id: '99e45925b0e8bfd03b3ce32a62a988fc') in 0.008080 seconds 
========================================================================
Received Import Request.
  Time since last request: 0.985175 seconds.
  path: Assets/Scripts/BotoesPrefab.cs
  artifactKey: Guid(2bf1b018a8bf3a84c8914ccce257640a) Importer(815301076,1909f56bfc062723c751e8b465ee728b)
Start importing Assets/Scripts/BotoesPrefab.cs using Guid(2bf1b018a8bf3a84c8914ccce257640a) Importer(815301076,1909f56bfc062723c751e8b465ee728b)  -> (artifact id: 'ed60767bd528537ad8a31560dd4445b1') in 0.006949 seconds 
========================================================================
Received Import Request.
  Time since last request: 0.837488 seconds.
  path: Assets/Scripts/CocoBehavior.cs
  artifactKey: Guid(347e935d6ca4d084f929eebd1d257e13) Importer(815301076,1909f56bfc062723c751e8b465ee728b)
Start importing Assets/Scripts/CocoBehavior.cs using Guid(347e935d6ca4d084f929eebd1d257e13) Importer(815301076,1909f56bfc062723c751e8b465ee728b)  -> (artifact id: '1529beb30bebe5a4412cd23e26ab0bb3') in 0.007123 seconds 
========================================================================
Received Import Request.
  Time since last request: 15.276930 seconds.
  path: Assets/Scenes/Jogo.unity
  artifactKey: Guid(2cda990e2423bbf4892e6590ba056729) Importer(815301076,1909f56bfc062723c751e8b465ee728b)
Start importing Assets/Scenes/Jogo.unity using Guid(2cda990e2423bbf4892e6590ba056729) Importer(815301076,1909f56bfc062723c751e8b465ee728b)  -> (artifact id: 'a1db57fa3cab28ceda6e5fc5bfbb404a') in 0.006992 seconds 
========================================================================
Received Import Request.
  Time since last request: 100.074608 seconds.
  path: Assets/Sprites/ceu.jpg
  artifactKey: Guid(10a88eee9156376488e7db3fda423aec) Importer(815301076,1909f56bfc062723c751e8b465ee728b)
Start importing Assets/Sprites/ceu.jpg using Guid(10a88eee9156376488e7db3fda423aec) Importer(815301076,1909f56bfc062723c751e8b465ee728b)  -> (artifact id: 'd8935ce33b5359fff5fe3f5e6931e659') in 0.125163 seconds 
========================================================================
Received Import Request.
  Time since last request: 0.000032 seconds.
  path: Assets/Sprites/IconeJogopng.png
  artifactKey: Guid(ce9cc93b50f253c49b3c95ea7a83ca1c) Importer(815301076,1909f56bfc062723c751e8b465ee728b)
Start importing Assets/Sprites/IconeJogopng.png using Guid(ce9cc93b50f253c49b3c95ea7a83ca1c) Importer(815301076,1909f56bfc062723c751e8b465ee728b)  -> (artifact id: '45020d69a9613599f6ee6b504939c4df') in 0.031039 seconds 
========================================================================
Received Import Request.
  Time since last request: 0.000052 seconds.
  path: Assets/Sprites/flecha-2_xl.jpeg
  artifactKey: Guid(800d029176ed96c4a8f393276e06f3ea) Importer(815301076,1909f56bfc062723c751e8b465ee728b)
Start importing Assets/Sprites/flecha-2_xl.jpeg using Guid(800d029176ed96c4a8f393276e06f3ea) Importer(815301076,1909f56bfc062723c751e8b465ee728b)  -> (artifact id: '0cd4d72aaab2416310e4d02991e6d844') in 0.023508 seconds 
========================================================================
Received Import Request.
  Time since last request: 0.000019 seconds.
  path: Assets/Sprites/fundo.jpg
  artifactKey: Guid(c783c284985eded4eaae33975080eb3c) Importer(815301076,1909f56bfc062723c751e8b465ee728b)
Start importing Assets/Sprites/fundo.jpg using Guid(c783c284985eded4eaae33975080eb3c) Importer(815301076,1909f56bfc062723c751e8b465ee728b)  -> (artifact id: 'ad7898a91c4bac3b4dacd721119b1067') in 0.060907 seconds 
========================================================================
Received Import Request.
  Time since last request: 3.117313 seconds.
  path: Assets/Sprites/Personagem
  artifactKey: Guid(3bb15dc647ad1ef4b8abc830a58eb393) Importer(815301076,1909f56bfc062723c751e8b465ee728b)
Start importing Assets/Sprites/Personagem using Guid(3bb15dc647ad1ef4b8abc830a58eb393) Importer(815301076,1909f56bfc062723c751e8b465ee728b)  -> (artifact id: 'a49e6c43a0f19fd93159f420de5a0df5') in 0.006823 seconds 
========================================================================
Received Import Request.
  Time since last request: 0.866441 seconds.
  path: Assets/Sprites/Inimigos
  artifactKey: Guid(01ec664b707ecc94fbfc3641f93f9fe6) Importer(815301076,1909f56bfc062723c751e8b465ee728b)
Start importing Assets/Sprites/Inimigos using Guid(01ec664b707ecc94fbfc3641f93f9fe6) Importer(815301076,1909f56bfc062723c751e8b465ee728b)  -> (artifact id: '8b0e6f0a309db4d4da18d52b45351e93') in 0.017040 seconds 
========================================================================
Received Import Request.
  Time since last request: 0.362460 seconds.
  path: Assets/Sprites/Cenario
  artifactKey: Guid(89eb82957e548cb449d92c30d01157dd) Importer(815301076,1909f56bfc062723c751e8b465ee728b)
Start importing Assets/Sprites/Cenario using Guid(89eb82957e548cb449d92c30d01157dd) Importer(815301076,1909f56bfc062723c751e8b465ee728b)  -> (artifact id: '5b220ba7324fccdedc9abcda90e272f7') in 0.007875 seconds 
========================================================================
Received Import Request.
  Time since last request: 0.057485 seconds.
  path: Assets/Sprites/Cenario/Arvore.png
  artifactKey: Guid(5502a02a02fa9e244a53084c6d012c9a) Importer(815301076,1909f56bfc062723c751e8b465ee728b)
Start importing Assets/Sprites/Cenario/Arvore.png using Guid(5502a02a02fa9e244a53084c6d012c9a) Importer(815301076,1909f56bfc062723c751e8b465ee728b)  -> (artifact id: '73f16b102f276de1f377dd82a4e3b28f') in 0.191430 seconds 
========================================================================
Received Import Request.
  Time since last request: 0.000023 seconds.
  path: Assets/Sprites/Cenario/Grama.png
  artifactKey: Guid(15a9efe1306e8ec4e897de912d202938) Importer(815301076,1909f56bfc062723c751e8b465ee728b)
Start importing Assets/Sprites/Cenario/Grama.png using Guid(15a9efe1306e8ec4e897de912d202938) Importer(815301076,1909f56bfc062723c751e8b465ee728b)  -> (artifact id: '03d5ffed5945742384d5b63a8b35ef48') in 0.094368 seconds 
========================================================================
Received Import Request.
  Time since last request: 0.000038 seconds.
  path: Assets/Sprites/Cenario/Nuvem.png
  artifactKey: Guid(76b7db9a7a707f44cabfbeaa625515e2) Importer(815301076,1909f56bfc062723c751e8b465ee728b)
Start importing Assets/Sprites/Cenario/Nuvem.png using Guid(76b7db9a7a707f44cabfbeaa625515e2) Importer(815301076,1909f56bfc062723c751e8b465ee728b)  -> (artifact id: '5cf308836fa2e3dfcc47ea9e3434fb9a') in 0.023881 seconds 
========================================================================
Received Import Request.
  Time since last request: 0.000030 seconds.
  path: Assets/Sprites/Cenario/Ceu2.png
  artifactKey: Guid(1a19d5dc0cc6f5c42ab3017793d5e75a) Importer(815301076,1909f56bfc062723c751e8b465ee728b)
Start importing Assets/Sprites/Cenario/Ceu2.png using Guid(1a19d5dc0cc6f5c42ab3017793d5e75a) Importer(815301076,1909f56bfc062723c751e8b465ee728b)  -> (artifact id: '273f0d7d506c5d3c7b1fd37e43b06402') in 0.146188 seconds 
========================================================================
Received Import Request.
  Time since last request: 0.000023 seconds.
  path: Assets/Sprites/Cenario/Morro.png
  artifactKey: Guid(4b657074fb28bf44fac3a8d2996912d4) Importer(815301076,1909f56bfc062723c751e8b465ee728b)
Start importing Assets/Sprites/Cenario/Morro.png using Guid(4b657074fb28bf44fac3a8d2996912d4) Importer(815301076,1909f56bfc062723c751e8b465ee728b)  -> (artifact id: 'a8f49637018c4798007fffb6e2b2f2bb') in 0.135947 seconds 
========================================================================
Received Import Request.
  Time since last request: 2.053768 seconds.
  path: Assets/Sprites/Cenario/ElementosCenario
  artifactKey: Guid(01de4f88aa78c1e47a3df4fe25896319) Importer(815301076,1909f56bfc062723c751e8b465ee728b)
Start importing Assets/Sprites/Cenario/ElementosCenario using Guid(01de4f88aa78c1e47a3df4fe25896319) Importer(815301076,1909f56bfc062723c751e8b465ee728b)  -> (artifact id: 'fd41149c0248d97460d23891e6b84990') in 0.007186 seconds 
========================================================================
Received Import Request.
  Time since last request: 0.038151 seconds.
  path: Assets/Sprites/Cenario/ElementosCenario/arvore.png
  artifactKey: Guid(6a58e707140110d4e9cfb6c76aceceaf) Importer(815301076,1909f56bfc062723c751e8b465ee728b)
Start importing Assets/Sprites/Cenario/ElementosCenario/arvore.png using Guid(6a58e707140110d4e9cfb6c76aceceaf) Importer(815301076,1909f56bfc062723c751e8b465ee728b)  -> (artifact id: '663e3908a4302631ed1a9e0d059402d7') in 0.031171 seconds 
========================================================================
Received Import Request.
  Time since last request: 0.000025 seconds.
  path: Assets/Sprites/Cenario/ElementosCenario/pedra.png
  artifactKey: Guid(2cefda8ffd7c9494eba5a2ef4cfd9cfe) Importer(815301076,1909f56bfc062723c751e8b465ee728b)
Start importing Assets/Sprites/Cenario/ElementosCenario/pedra.png using Guid(2cefda8ffd7c9494eba5a2ef4cfd9cfe) Importer(815301076,1909f56bfc062723c751e8b465ee728b)  -> (artifact id: '0d5687c465bb893c50629151055f44ac') in 0.028902 seconds 
========================================================================
Received Import Request.
  Time since last request: 0.000022 seconds.
  path: Assets/Sprites/Cenario/ElementosCenario/mato.png
  artifactKey: Guid(02455a0cdc53d8e4e82fe525278a340f) Importer(815301076,1909f56bfc062723c751e8b465ee728b)
Start importing Assets/Sprites/Cenario/ElementosCenario/mato.png using Guid(02455a0cdc53d8e4e82fe525278a340f) Importer(815301076,1909f56bfc062723c751e8b465ee728b)  -> (artifact id: '160bc0d1d34558ad5dc8cc6d64a6e4e3') in 0.019560 seconds 
========================================================================
Received Import Request.
  Time since last request: 0.000022 seconds.
  path: Assets/Sprites/Cenario/ElementosCenario/montanha.png
  artifactKey: Guid(8d59557a2371c8a45bf2eb050b05383b) Importer(815301076,1909f56bfc062723c751e8b465ee728b)
Start importing Assets/Sprites/Cenario/ElementosCenario/montanha.png using Guid(8d59557a2371c8a45bf2eb050b05383b) Importer(815301076,1909f56bfc062723c751e8b465ee728b)  -> (artifact id: '26bc9b23da123f288fb5a68568e22453') in 0.035446 seconds 
========================================================================
Received Import Request.
  Time since last request: 2.466309 seconds.
  path: Assets/Sprites/Cenario/Menu
  artifactKey: Guid(620133d80a6a80a45a172e5972b908a7) Importer(815301076,1909f56bfc062723c751e8b465ee728b)
Start importing Assets/Sprites/Cenario/Menu using Guid(620133d80a6a80a45a172e5972b908a7) Importer(815301076,1909f56bfc062723c751e8b465ee728b)  -> (artifact id: '9a54a211ff8d3229f796952db009b730') in 0.006768 seconds 
========================================================================
Received Import Request.
  Time since last request: 0.031970 seconds.
  path: Assets/Sprites/Cenario/Menu/fundoMenu.png
  artifactKey: Guid(fb765fb8e1d9a114ca5923f60868067a) Importer(815301076,1909f56bfc062723c751e8b465ee728b)
Start importing Assets/Sprites/Cenario/Menu/fundoMenu.png using Guid(fb765fb8e1d9a114ca5923f60868067a) Importer(815301076,1909f56bfc062723c751e8b465ee728b)  -> (artifact id: '2688080bb782ed33af21d4d24eb2d930') in 0.017719 seconds 
========================================================================
Received Import Request.
  Time since last request: 2.098137 seconds.
  path: Assets/Sprites/Cenario/Casa
  artifactKey: Guid(f1e44609fbfbf5b4ab8a3938f8f7c309) Importer(815301076,1909f56bfc062723c751e8b465ee728b)
Start importing Assets/Sprites/Cenario/Casa using Guid(f1e44609fbfbf5b4ab8a3938f8f7c309) Importer(815301076,1909f56bfc062723c751e8b465ee728b)  -> (artifact id: 'd82192e4719157698977771ceffc5c32') in 0.006637 seconds 
========================================================================
Received Import Request.
  Time since last request: 0.073123 seconds.
  path: Assets/Sprites/Cenario/Casa/bloqueio.png
  artifactKey: Guid(db12b6566aedfe042be02facff08943a) Importer(815301076,1909f56bfc062723c751e8b465ee728b)
Start importing Assets/Sprites/Cenario/Casa/bloqueio.png using Guid(db12b6566aedfe042be02facff08943a) Importer(815301076,1909f56bfc062723c751e8b465ee728b)  -> (artifact id: '30f7bb64d5ce2cefbc0ea64b400c38f9') in 0.022327 seconds 
========================================================================
Received Import Request.
  Time since last request: 0.000022 seconds.
  path: Assets/Sprites/Cenario/Casa/Oca2.png
  artifactKey: Guid(232ac2e773b34734e8e96e1cd13cf837) Importer(815301076,1909f56bfc062723c751e8b465ee728b)
Start importing Assets/Sprites/Cenario/Casa/Oca2.png using Guid(232ac2e773b34734e8e96e1cd13cf837) Importer(815301076,1909f56bfc062723c751e8b465ee728b)  -> (artifact id: '3ee69ae0c6eb1c2730980a2814e426e8') in 0.029840 seconds 
========================================================================
Received Import Request.
  Time since last request: 3.581665 seconds.
  path: Assets/Sprites/UiMenu
  artifactKey: Guid(03ea9869944ec014ea365b8607e40faa) Importer(815301076,1909f56bfc062723c751e8b465ee728b)
Start importing Assets/Sprites/UiMenu using Guid(03ea9869944ec014ea365b8607e40faa) Importer(815301076,1909f56bfc062723c751e8b465ee728b)  -> (artifact id: '006781972a039edcdbeff844d47695e7') in 0.006946 seconds 
========================================================================
Received Import Request.
  Time since last request: 0.075578 seconds.
  path: Assets/Sprites/UiMenu/assistaVideo.png
  artifactKey: Guid(681ba9ab86baf9c429808a21b17c88c0) Importer(815301076,1909f56bfc062723c751e8b465ee728b)
Start importing Assets/Sprites/UiMenu/assistaVideo.png using Guid(681ba9ab86baf9c429808a21b17c88c0) Importer(815301076,1909f56bfc062723c751e8b465ee728b)  -> (artifact id: '3070c3bedf07966bb0f3a83ed4a9ecb4') in 0.027792 seconds 
========================================================================
Received Import Request.
  Time since last request: 0.000034 seconds.
  path: Assets/Sprites/UiMenu/FacebookShare.png
  artifactKey: Guid(c7c6a66eacf1ae74c8cf8616951e33c7) Importer(815301076,1909f56bfc062723c751e8b465ee728b)
Start importing Assets/Sprites/UiMenu/FacebookShare.png using Guid(c7c6a66eacf1ae74c8cf8616951e33c7) Importer(815301076,1909f56bfc062723c751e8b465ee728b)  -> (artifact id: '66d098687373a1ef67495836b88922dc') in 0.025555 seconds 
========================================================================
Received Import Request.
  Time since last request: 0.000030 seconds.
  path: Assets/Sprites/UiMenu/menu.png
  artifactKey: Guid(144b1bffee79d434797459fee4e1d6cd) Importer(815301076,1909f56bfc062723c751e8b465ee728b)
Start importing Assets/Sprites/UiMenu/menu.png using Guid(144b1bffee79d434797459fee4e1d6cd) Importer(815301076,1909f56bfc062723c751e8b465ee728b)  -> (artifact id: '50155dfa8991250132e73eb1f2bf774b') in 0.041255 seconds 
========================================================================
Received Import Request.
  Time since last request: 0.000029 seconds.
  path: Assets/Sprites/UiMenu/yellow_panel.png
  artifactKey: Guid(a53b53ba49114ca48b037336de806e77) Importer(815301076,1909f56bfc062723c751e8b465ee728b)
Start importing Assets/Sprites/UiMenu/yellow_panel.png using Guid(a53b53ba49114ca48b037336de806e77) Importer(815301076,1909f56bfc062723c751e8b465ee728b)  -> (artifact id: '589819173d1e31c94c61ee41cfa89581') in 0.019341 seconds 
========================================================================
Received Import Request.
  Time since last request: 0.000024 seconds.
  path: Assets/Sprites/UiMenu/Carne.png
  artifactKey: Guid(8a8ee464056640f49ad26e73f074c3cf) Importer(815301076,1909f56bfc062723c751e8b465ee728b)
Start importing Assets/Sprites/UiMenu/Carne.png using Guid(8a8ee464056640f49ad26e73f074c3cf) Importer(815301076,1909f56bfc062723c751e8b465ee728b)  -> (artifact id: '400a21b6fde5c714a07fc3a69dae82a8') in 0.020491 seconds 
========================================================================
Received Import Request.
  Time since last request: 0.000023 seconds.
  path: Assets/Sprites/UiMenu/table.png
  artifactKey: Guid(c19d611ae1afd8c4fb8293742688a49d) Importer(815301076,1909f56bfc062723c751e8b465ee728b)
Start importing Assets/Sprites/UiMenu/table.png using Guid(c19d611ae1afd8c4fb8293742688a49d) Importer(815301076,1909f56bfc062723c751e8b465ee728b)  -> (artifact id: '21e70c01456251ad1441908a0ce0b3e1') in 0.043631 seconds 
========================================================================
Received Import Request.
  Time since last request: 0.000019 seconds.
  path: Assets/Sprites/UiMenu/estrela.png
  artifactKey: Guid(2ec943b3a4e8d13499f13bb8cda23d81) Importer(815301076,1909f56bfc062723c751e8b465ee728b)
Start importing Assets/Sprites/UiMenu/estrela.png using Guid(2ec943b3a4e8d13499f13bb8cda23d81) Importer(815301076,1909f56bfc062723c751e8b465ee728b)  -> (artifact id: '6a9766dd35540c52b850e51802325020') in 0.020450 seconds 
========================================================================
Received Import Request.
  Time since last request: 0.000025 seconds.
  path: Assets/Sprites/UiMenu/yellow_button04.png
  artifactKey: Guid(4d5238c64b6142d44aefcdb8d0412d4e) Importer(815301076,1909f56bfc062723c751e8b465ee728b)
Start importing Assets/Sprites/UiMenu/yellow_button04.png using Guid(4d5238c64b6142d44aefcdb8d0412d4e) Importer(815301076,1909f56bfc062723c751e8b465ee728b)  -> (artifact id: '84f96d9c91efcf97d21f8fafd6f227c9') in 0.022454 seconds 
========================================================================
Received Import Request.
  Time since last request: 0.000023 seconds.
  path: Assets/Sprites/UiMenu/green_button13.png
  artifactKey: Guid(5ff32545d1e1d7345819f21545cdd68f) Importer(815301076,1909f56bfc062723c751e8b465ee728b)
Start importing Assets/Sprites/UiMenu/green_button13.png using Guid(5ff32545d1e1d7345819f21545cdd68f) Importer(815301076,1909f56bfc062723c751e8b465ee728b)  -> (artifact id: 'ae6afbcd8bd4b5bab379d5fc7e553377') in 0.021675 seconds 
========================================================================
Received Import Request.
  Time since last request: 6.476799 seconds.
  path: Assets/Sprites/UiMenu/trophy (1).png
  artifactKey: Guid(f3a21806ee7e99a45ac6d56addf27f5b) Importer(815301076,1909f56bfc062723c751e8b465ee728b)
Start importing Assets/Sprites/UiMenu/trophy (1).png using Guid(f3a21806ee7e99a45ac6d56addf27f5b) Importer(815301076,1909f56bfc062723c751e8b465ee728b)  -> (artifact id: 'b200cc26197c27ac066ffbc2f57199ce') in 0.019324 seconds 
========================================================================
Received Import Request.
  Time since last request: 10.068769 seconds.
  path: Assets/_Creepy_Cat/2D GamesAssets_Free/_Nature/Tree_K.png
  artifactKey: Guid(17f93b5a682d44fd09327707824aa476) Importer(815301076,1909f56bfc062723c751e8b465ee728b)
Start importing Assets/_Creepy_Cat/2D GamesAssets_Free/_Nature/Tree_K.png using Guid(17f93b5a682d44fd09327707824aa476) Importer(815301076,1909f56bfc062723c751e8b465ee728b)  -> (artifact id: 'd6ed8f8a4d37a22979137e9f404294ea') in 0.035464 seconds 
========================================================================
Received Prepare
Registering precompiled user dll's ...
Registered in 0.018409 seconds.
Begin MonoManager ReloadAssembly
Native extension for WindowsStandalone target not found
Native extension for Android target not found
Native extension for WebGL target not found
Refreshing native plugins compatible for Editor in 1.88 ms, found 2 plugins.
Preloading 0 native plugins for Editor in 0.00 ms.
System.IO.FileNotFoundException: Could not load file or assembly 'Google.VersionHandler, Version=1.2.0.0, Culture=neutral, PublicKeyToken=null' or one of its dependencies.
File name: 'Google.VersionHandler, Version=1.2.0.0, Culture=neutral, PublicKeyToken=null'
  at Facebook.Unity.Editor.AndroidSupportLibraryResolver..cctor () [0x00000] in <10e3a2e9d4094bf5b9409184a698ff5e>:0 
UnityEngine.StackTraceUtility:ExtractStackTrace ()
UnityEngine.DebugLogHandler:LogFormat (UnityEngine.LogType,UnityEngine.Object,string,object[])
UnityEngine.Logger:Log (UnityEngine.LogType,object)
UnityEngine.Debug:LogError (object)
UnityEditor.EditorAssemblies:ProcessInitializeOnLoadAttributes (System.Type[])

[Package Manager] Server::EnsureServerProcessIsRunning -- launch failed, reason: Unity was launched with the -noUpm command-line argument
[Package Manager] UpmClient::Send -- Unable to send message (not connected to UPM process).
[Package Manager] Cannot connect to Unity Package Manager local server
Mono: successfully reloaded assembly
- Completed reload, in  1.582 seconds
Domain Reload Profiling:
	ReloadAssembly (1583ms)
		BeginReloadAssembly (165ms)
			ExecutionOrderSort (0ms)
			DisableScriptedObjects (9ms)
			BackupInstance (0ms)
			ReleaseScriptingObjects (0ms)
			CreateAndSetChildDomain (39ms)
		EndReloadAssembly (1280ms)
			LoadAssemblies (114ms)
			RebuildTransferFunctionScriptingTraits (0ms)
			SetupTypeCache (298ms)
				TypeCache.Initialize (291ms)
					TypeCache.ScanAssembly (285ms)
				ResolveRequiredComponents (7ms)
			ReleaseScriptCaches (2ms)
			RebuildScriptCaches (78ms)
			SetupLoadedEditorAssemblies (689ms)
				LogAssemblyErrors (0ms)
				InitializePlatformSupportModulesInManaged (34ms)
				SetLoadedEditorAssemblies (12ms)
				RefreshPlugins (2ms)
				BeforeProcessingInitializeOnLoad (122ms)
				ProcessInitializeOnLoadAttributes (299ms)
				ProcessInitializeOnLoadMethodAttributes (204ms)
				AfterProcessingInitializeOnLoad (16ms)
				EditorAssembliesLoaded (0ms)
			ExecutionOrderSort2 (0ms)
			AwakeInstancesAfterBackupRestoration (11ms)
Platform modules already initialized, skipping
Refreshing native plugins compatible for Editor in 20.65 ms, found 2 plugins.
Preloading 0 native plugins for Editor in 0.00 ms.
Unloading 2476 Unused Serialized files (Serialized files now loaded: 0)
Unloading 115 unused Assets / (29.1 KB). Loaded Objects now: 2959.
Memory consumption went from 398.0 MB to 397.9 MB.
Total: 10.555800 ms (FindLiveObjects: 0.298500 ms CreateObjectMapping: 0.098400 ms MarkObjects: 10.101800 ms  DeleteObjects: 0.055500 ms)

AssetImportParameters requested are different than current active one (requested -> active):
  custom:video-decoder-ogg-theora: a1e56fd34408186e4bbccfd4996cb3dc -> 
  custom:container-muxer-webm: aa71ff27fc2769a1b78a27578f13a17b -> 
  custom:container-demuxer-webm: 4f35f7cbe854078d1ac9338744f61a02 -> 
  custom:video-encoder-webm-vp8: eb34c28f22e8b96e1ab97ce403110664 -> 
  custom:audio-encoder-webm-vorbis: bf7c407c2cedff20999df2af8eb42d56 -> 
  custom:framework-win-MediaFoundation: 216162199b28c13a410421893ffa2e32 -> 
  custom:container-demuxer-ogg: 62fdf1f143b41e24485cea50d1cbac27 -> 
  custom:video-decoder-webm-vp8: 9c59270c3fd7afecdb556c50c9e8de78 -> 
  custom:audio-decoder-ogg-vorbis: bf7c407c2cedff20999df2af8eb42d56 -> 
========================================================================
Received Import Request.
  Time since last request: 59.243521 seconds.
  path: Assets/Sprites/UiMenu/meat.png
  artifactKey: Guid(48e983b9ec0761a49af017d9ba489fec) Importer(815301076,1909f56bfc062723c751e8b465ee728b)
Start importing Assets/Sprites/UiMenu/meat.png using Guid(48e983b9ec0761a49af017d9ba489fec) Importer(815301076,1909f56bfc062723c751e8b465ee728b)  -> (artifact id: 'be58c6ef5b9e3955bab3bb6ef2dddea3') in 0.078431 seconds 
========================================================================
Received Import Request.
  Time since last request: 3.320834 seconds.
  path: Assets/Sprites/Arcos/Flechas/CabecaFlechaExplosiva.png
  artifactKey: Guid(7bbb16ee88ce65248aaea74123a383da) Importer(815301076,1909f56bfc062723c751e8b465ee728b)
Start importing Assets/Sprites/Arcos/Flechas/CabecaFlechaExplosiva.png using Guid(7bbb16ee88ce65248aaea74123a383da) Importer(815301076,1909f56bfc062723c751e8b465ee728b)  -> (artifact id: '0cf5358b07ff64fbafe9a166b4c8c7e1') in 0.018009 seconds 
========================================================================
Received Import Request.
  Time since last request: 2.398594 seconds.
  path: Assets/Sprites/Textures/cloud-1.png
  artifactKey: Guid(6d2248e263bff4a439864b7094dd642f) Importer(815301076,1909f56bfc062723c751e8b465ee728b)
Start importing Assets/Sprites/Textures/cloud-1.png using Guid(6d2248e263bff4a439864b7094dd642f) Importer(815301076,1909f56bfc062723c751e8b465ee728b)  -> (artifact id: 'f6ba274102a4ee96fbf8698c70252222') in 0.020408 seconds 
========================================================================
Received Import Request.
  Time since last request: 0.048719 seconds.
  path: Assets/Sprites/Textures/cloud-2.png
  artifactKey: Guid(b170d375108d6624cb0f8ca8affb871f) Importer(815301076,1909f56bfc062723c751e8b465ee728b)
Start importing Assets/Sprites/Textures/cloud-2.png using Guid(b170d375108d6624cb0f8ca8affb871f) Importer(815301076,1909f56bfc062723c751e8b465ee728b)  -> (artifact id: 'e73468eafaa4aba8b1355638a23adc00') in 0.024102 seconds 
========================================================================
Received Import Request.
  Time since last request: 2.867429 seconds.
  path: Assets/Sprites/Textures/cloud-4.png
  artifactKey: Guid(f6c79b67f7468db468e5d3965d6b64eb) Importer(815301076,1909f56bfc062723c751e8b465ee728b)
Start importing Assets/Sprites/Textures/cloud-4.png using Guid(f6c79b67f7468db468e5d3965d6b64eb) Importer(815301076,1909f56bfc062723c751e8b465ee728b)  -> (artifact id: 'b175332e3152a281ae769fbffd1582f6') in 0.024746 seconds 
========================================================================
Received Import Request.
  Time since last request: 0.037972 seconds.
  path: Assets/Sprites/Textures/cloud-6.png
  artifactKey: Guid(e01392c68e584a74b8c06d2bd715a230) Importer(815301076,1909f56bfc062723c751e8b465ee728b)
Start importing Assets/Sprites/Textures/cloud-6.png using Guid(e01392c68e584a74b8c06d2bd715a230) Importer(815301076,1909f56bfc062723c751e8b465ee728b)  -> (artifact id: '3c91513d4b447cf09893a4a5c740a08f') in 0.019937 seconds 
========================================================================
Received Import Request.
  Time since last request: 0.000023 seconds.
  path: Assets/Simple UI (V.1.0)/Config_Button.png
  artifactKey: Guid(85f4c92e01b4baa4bb07bfd13c9f08f7) Importer(815301076,1909f56bfc062723c751e8b465ee728b)
Start importing Assets/Simple UI (V.1.0)/Config_Button.png using Guid(85f4c92e01b4baa4bb07bfd13c9f08f7) Importer(815301076,1909f56bfc062723c751e8b465ee728b)  -> (artifact id: '9095324e3a61c693383ea2df68f6c678') in 0.033315 seconds 
========================================================================
Received Import Request.
  Time since last request: 0.342609 seconds.
  path: Assets/Sprites/Inimigos/Coruja/CorujaBomba/corujaframe1Bomba.png
  artifactKey: Guid(6444299c127f67348a8835722f8fca8a) Importer(815301076,1909f56bfc062723c751e8b465ee728b)
Start importing Assets/Sprites/Inimigos/Coruja/CorujaBomba/corujaframe1Bomba.png using Guid(6444299c127f67348a8835722f8fca8a) Importer(815301076,1909f56bfc062723c751e8b465ee728b)  -> (artifact id: 'de3433f77924183dd944c0479b2d063a') in 0.022593 seconds 
========================================================================
Received Import Request.
  Time since last request: 0.000019 seconds.
  path: Assets/Sprites/Inimigos/Coruja/CorujaBomba/corujaframe2Bomba.png
  artifactKey: Guid(195313a15e7f9524ebcafd38a7c4472b) Importer(815301076,1909f56bfc062723c751e8b465ee728b)
Start importing Assets/Sprites/Inimigos/Coruja/CorujaBomba/corujaframe2Bomba.png using Guid(195313a15e7f9524ebcafd38a7c4472b) Importer(815301076,1909f56bfc062723c751e8b465ee728b)  -> (artifact id: '8d34d8a45de4ad2942a0284690518957') in 0.019911 seconds 
========================================================================
Received Import Request.
  Time since last request: 0.021770 seconds.
  path: Assets/Sprites/Inimigos/Coruja/CorujaBomba/corujaframe3 Bomba.png
  artifactKey: Guid(9f3f2f3c920cb334b820a5b2613749ac) Importer(815301076,1909f56bfc062723c751e8b465ee728b)
Start importing Assets/Sprites/Inimigos/Coruja/CorujaBomba/corujaframe3 Bomba.png using Guid(9f3f2f3c920cb334b820a5b2613749ac) Importer(815301076,1909f56bfc062723c751e8b465ee728b)  -> (artifact id: '882e6262b9286ce65483d54b33c252b0') in 0.020267 seconds 
========================================================================
Received Import Request.
  Time since last request: 43.193295 seconds.
  path: Assets/Sprites/UiMenu/star.png
  artifactKey: Guid(ab30660afff2fc6439863a7e396b6e9d) Importer(815301076,1909f56bfc062723c751e8b465ee728b)
Start importing Assets/Sprites/UiMenu/star.png using Guid(ab30660afff2fc6439863a7e396b6e9d) Importer(815301076,1909f56bfc062723c751e8b465ee728b)  -> (artifact id: 'c33290e5d0fab6123e316e8692c3f1d8') in 0.036432 seconds 
========================================================================
Received Import Request.
  Time since last request: 11.693200 seconds.
  path: Assets/Sprites/Arcos/FacilitadorTiro/delayTiroIndicador.png
  artifactKey: Guid(8ed4198b4dc53d24984dee3d9aa3feba) Importer(815301076,1909f56bfc062723c751e8b465ee728b)
Start importing Assets/Sprites/Arcos/FacilitadorTiro/delayTiroIndicador.png using Guid(8ed4198b4dc53d24984dee3d9aa3feba) Importer(815301076,1909f56bfc062723c751e8b465ee728b)  -> (artifact id: '9eb251df72887029d457ab114d78fbbc') in 0.029546 seconds 
========================================================================
Received Import Request.
  Time since last request: 0.000024 seconds.
  path: Assets/Sprites/Loja/EstrelasUpgrade.png
  artifactKey: Guid(5ccd744e2dd2f4245ac8349e79b601ff) Importer(815301076,1909f56bfc062723c751e8b465ee728b)
Start importing Assets/Sprites/Loja/EstrelasUpgrade.png using Guid(5ccd744e2dd2f4245ac8349e79b601ff) Importer(815301076,1909f56bfc062723c751e8b465ee728b)  -> (artifact id: 'cdac3cbff54fb031cfcacabde3bc1c23') in 0.029437 seconds 
========================================================================
Received Import Request.
  Time since last request: 0.000028 seconds.
  path: Assets/Sprites/Inimigos/Bomba/Explosao/explosao1.png
  artifactKey: Guid(a47bdfe945c6113459507ea40edce81e) Importer(815301076,1909f56bfc062723c751e8b465ee728b)
Start importing Assets/Sprites/Inimigos/Bomba/Explosao/explosao1.png using Guid(a47bdfe945c6113459507ea40edce81e) Importer(815301076,1909f56bfc062723c751e8b465ee728b)  -> (artifact id: '56e5377c97afedbfed89324c0803088f') in 0.023749 seconds 
========================================================================
Received Import Request.
  Time since last request: 0.000023 seconds.
  path: Assets/Simple UI (V.1.0)/Down_Button.png
  artifactKey: Guid(f01d4ca51b0ba3349b9d35b4a138603f) Importer(815301076,1909f56bfc062723c751e8b465ee728b)
Start importing Assets/Simple UI (V.1.0)/Down_Button.png using Guid(f01d4ca51b0ba3349b9d35b4a138603f) Importer(815301076,1909f56bfc062723c751e8b465ee728b)  -> (artifact id: '53b8d330a6c9f794a5ae9bef2178e626') in 0.036708 seconds 
========================================================================
Received Import Request.
  Time since last request: 1.530246 seconds.
  path: Assets/Sprites/Arcos/Flechas/ExplosaoFlecha/explosao3.png
  artifactKey: Guid(85009979fbff6774297194140fe79341) Importer(815301076,1909f56bfc062723c751e8b465ee728b)
Start importing Assets/Sprites/Arcos/Flechas/ExplosaoFlecha/explosao3.png using Guid(85009979fbff6774297194140fe79341) Importer(815301076,1909f56bfc062723c751e8b465ee728b)  -> (artifact id: '853658c2b1341e945550fab6ff017db0') in 0.020659 seconds 
========================================================================
Received Import Request.
  Time since last request: 0.035129 seconds.
  path: Assets/Sprites/Arcos/Flechas/ExplosaoFlecha/explosao4.png
  artifactKey: Guid(c31811c84b0f9ed498a901d59416f33c) Importer(815301076,1909f56bfc062723c751e8b465ee728b)
Start importing Assets/Sprites/Arcos/Flechas/ExplosaoFlecha/explosao4.png using Guid(c31811c84b0f9ed498a901d59416f33c) Importer(815301076,1909f56bfc062723c751e8b465ee728b)  -> (artifact id: '7584d942ebd32d6120a305be04392e9f') in 0.056301 seconds 
========================================================================
Received Import Request.
  Time since last request: 0.000029 seconds.
  path: Assets/Sprites/Inimigos/Bomba/Explosao/explosao5.png
  artifactKey: Guid(3e6a24a676274264b8a28cd0c79e534b) Importer(815301076,1909f56bfc062723c751e8b465ee728b)
Start importing Assets/Sprites/Inimigos/Bomba/Explosao/explosao5.png using Guid(3e6a24a676274264b8a28cd0c79e534b) Importer(815301076,1909f56bfc062723c751e8b465ee728b)  -> (artifact id: '74edc7a15b7268b2f7b0d648c7643a86') in 0.022021 seconds 
========================================================================
Received Import Request.
  Time since last request: 0.040870 seconds.
  path: Assets/Sprites/Arcos/Flechas/ExplosaoFlecha/explosao6.png
  artifactKey: Guid(8ec7df2303489304f8515855493fb65a) Importer(815301076,1909f56bfc062723c751e8b465ee728b)
Start importing Assets/Sprites/Arcos/Flechas/ExplosaoFlecha/explosao6.png using Guid(8ec7df2303489304f8515855493fb65a) Importer(815301076,1909f56bfc062723c751e8b465ee728b)  -> (artifact id: 'c0c365630a514cf4878646cac003cc36') in 0.043767 seconds 
========================================================================
Received Import Request.
  Time since last request: 1.707499 seconds.
  path: Assets/_Creepy_Cat/2D GamesAssets_Free/_Skies/Star_A.png
  artifactKey: Guid(2f2b53a7896bb478584cb13a881b26a0) Importer(815301076,1909f56bfc062723c751e8b465ee728b)
Start importing Assets/_Creepy_Cat/2D GamesAssets_Free/_Skies/Star_A.png using Guid(2f2b53a7896bb478584cb13a881b26a0) Importer(815301076,1909f56bfc062723c751e8b465ee728b)  -> (artifact id: '93e96e07fadc74c07fe28fd0fec33874') in 0.703443 seconds 
========================================================================
Received Prepare
Registering precompiled user dll's ...
Registered in 0.012804 seconds.
Begin MonoManager ReloadAssembly
Native extension for WindowsStandalone target not found
Native extension for Android target not found
Native extension for WebGL target not found
Refreshing native plugins compatible for Editor in 1.52 ms, found 2 plugins.
Preloading 0 native plugins for Editor in 0.00 ms.
System.IO.FileNotFoundException: Could not load file or assembly 'Google.VersionHandler, Version=1.2.0.0, Culture=neutral, PublicKeyToken=null' or one of its dependencies.
File name: 'Google.VersionHandler, Version=1.2.0.0, Culture=neutral, PublicKeyToken=null'
  at Facebook.Unity.Editor.AndroidSupportLibraryResolver..cctor () [0x00000] in <10e3a2e9d4094bf5b9409184a698ff5e>:0 
UnityEngine.StackTraceUtility:ExtractStackTrace ()
UnityEngine.DebugLogHandler:LogFormat (UnityEngine.LogType,UnityEngine.Object,string,object[])
UnityEngine.Logger:Log (UnityEngine.LogType,object)
UnityEngine.Debug:LogError (object)
UnityEditor.EditorAssemblies:ProcessInitializeOnLoadAttributes (System.Type[])

[Package Manager] Server::EnsureServerProcessIsRunning -- launch failed, reason: Unity was launched with the -noUpm command-line argument
[Package Manager] UpmClient::Send -- Unable to send message (not connected to UPM process).
[Package Manager] Cannot connect to Unity Package Manager local server
Mono: successfully reloaded assembly
- Completed reload, in  1.449 seconds
Domain Reload Profiling:
	ReloadAssembly (1450ms)
		BeginReloadAssembly (159ms)
			ExecutionOrderSort (0ms)
			DisableScriptedObjects (9ms)
			BackupInstance (0ms)
			ReleaseScriptingObjects (0ms)
			CreateAndSetChildDomain (38ms)
		EndReloadAssembly (1156ms)
			LoadAssemblies (109ms)
			RebuildTransferFunctionScriptingTraits (0ms)
			SetupTypeCache (297ms)
				TypeCache.Initialize (292ms)
					TypeCache.ScanAssembly (287ms)
				ResolveRequiredComponents (5ms)
			ReleaseScriptCaches (2ms)
			RebuildScriptCaches (75ms)
			SetupLoadedEditorAssemblies (592ms)
				LogAssemblyErrors (0ms)
				InitializePlatformSupportModulesInManaged (32ms)
				SetLoadedEditorAssemblies (10ms)
				RefreshPlugins (2ms)
				BeforeProcessingInitializeOnLoad (96ms)
				ProcessInitializeOnLoadAttributes (271ms)
				ProcessInitializeOnLoadMethodAttributes (168ms)
				AfterProcessingInitializeOnLoad (12ms)
				EditorAssembliesLoaded (0ms)
			ExecutionOrderSort2 (0ms)
			AwakeInstancesAfterBackupRestoration (10ms)
Platform modules already initialized, skipping
Refreshing native plugins compatible for Editor in 14.76 ms, found 2 plugins.
Preloading 0 native plugins for Editor in 0.00 ms.
Unloading 2476 Unused Serialized files (Serialized files now loaded: 0)
Unloading 115 unused Assets / (29.2 KB). Loaded Objects now: 2988.
Memory consumption went from 398.0 MB to 398.0 MB.
Total: 7.837600 ms (FindLiveObjects: 0.246800 ms CreateObjectMapping: 0.080800 ms MarkObjects: 7.453300 ms  DeleteObjects: 0.055600 ms)

AssetImportParameters requested are different than current active one (requested -> active):
  custom:video-decoder-ogg-theora: a1e56fd34408186e4bbccfd4996cb3dc -> 
  custom:container-muxer-webm: aa71ff27fc2769a1b78a27578f13a17b -> 
  custom:container-demuxer-webm: 4f35f7cbe854078d1ac9338744f61a02 -> 
  custom:video-encoder-webm-vp8: eb34c28f22e8b96e1ab97ce403110664 -> 
  custom:audio-encoder-webm-vorbis: bf7c407c2cedff20999df2af8eb42d56 -> 
  custom:framework-win-MediaFoundation: 216162199b28c13a410421893ffa2e32 -> 
  custom:container-demuxer-ogg: 62fdf1f143b41e24485cea50d1cbac27 -> 
  custom:video-decoder-webm-vp8: 9c59270c3fd7afecdb556c50c9e8de78 -> 
  custom:audio-decoder-ogg-vorbis: bf7c407c2cedff20999df2af8eb42d56 -> 
